2025-09-12 22:24:49,746 [INFO] BEGIN (implicit)
2025-09-12 22:24:49,747 [INFO] INSERT INTO flights (id, flight_number, airline, seats, price, source, destination) VALUES (?, ?, ?, ?, ?, ?, ?)
2025-09-12 22:24:49,747 [INFO] [generated in 0.00017s] (101, 'AI126', 'AirIndia', 800, 10000, 'Hyderabad', 'Mumbai')
2025-09-12 22:24:49,748 [INFO] COMMIT
2025-09-12 22:24:49,749 [INFO] Flight created
2025-09-12 22:24:53,404 [INFO] BEGIN (implicit)
2025-09-12 22:24:53,407 [INFO] SELECT flights.id AS flights_id, flights.flight_number AS flights_flight_number, flights.airline AS flights_airline, flights.seats AS flights_seats, flights.price AS flights_price, flights.source AS flights_source, flights.destination AS flights_destination 
FROM flights
2025-09-12 22:24:53,407 [INFO] [generated in 0.00032s] ()
2025-09-12 22:24:53,408 [INFO] Read all flights
2025-09-12 22:26:16,845 [INFO] INSERT INTO flights (id, flight_number, airline, seats, price, source, destination) VALUES (?, ?, ?, ?, ?, ?, ?)
2025-09-12 22:26:16,846 [INFO] [cached since 87.1s ago] (102, 'SG401', 'SpiceJet', 500, 6000, 'Bangalore', 'Chennai')
2025-09-12 22:26:16,847 [INFO] COMMIT
2025-09-12 22:26:16,849 [INFO] Flight created
2025-09-12 22:26:21,745 [INFO] BEGIN (implicit)
2025-09-12 22:26:21,747 [INFO] SELECT flights.id AS flights_id, flights.flight_number AS flights_flight_number, flights.airline AS flights_airline, flights.seats AS flights_seats, flights.price AS flights_price, flights.source AS flights_source, flights.destination AS flights_destination 
FROM flights
2025-09-12 22:26:21,747 [INFO] [cached since 88.34s ago] ()
2025-09-12 22:26:21,748 [INFO] Read all flights
2025-09-12 22:26:42,567 [INFO] SELECT flights.id AS flights_id, flights.flight_number AS flights_flight_number, flights.airline AS flights_airline, flights.seats AS flights_seats, flights.price AS flights_price, flights.source AS flights_source, flights.destination AS flights_destination 
FROM flights 
WHERE flights.id = ?
 LIMIT ? OFFSET ?
2025-09-12 22:26:42,567 [INFO] [generated in 0.00063s] (102, 1, 0)
2025-09-12 22:26:42,568 [INFO] Read flight model
2025-09-12 22:26:42,568 [INFO] Read flight for given id
2025-09-12 22:26:56,434 [INFO] SELECT flights.id AS flights_id, flights.flight_number AS flights_flight_number, flights.airline AS flights_airline, flights.seats AS flights_seats, flights.price AS flights_price, flights.source AS flights_source, flights.destination AS flights_destination 
FROM flights 
WHERE flights.id = ?
 LIMIT ? OFFSET ?
2025-09-12 22:26:56,436 [INFO] [cached since 13.87s ago] (102, 1, 0)
2025-09-12 22:26:56,437 [INFO] Read flight model
2025-09-12 22:26:56,437 [INFO] Read flight for given id
2025-09-12 22:27:05,511 [INFO] SELECT flights.id AS flights_id, flights.flight_number AS flights_flight_number, flights.airline AS flights_airline, flights.seats AS flights_seats, flights.price AS flights_price, flights.source AS flights_source, flights.destination AS flights_destination 
FROM flights 
WHERE flights.id = ?
 LIMIT ? OFFSET ?
2025-09-12 22:27:05,511 [INFO] [cached since 22.94s ago] (102, 1, 0)
2025-09-12 22:27:05,512 [INFO] Read flight model
2025-09-12 22:27:05,514 [INFO] UPDATE flights SET price=? WHERE flights.id = ? AND flights.price = ?
2025-09-12 22:27:05,514 [INFO] [generated in 0.00024s] ('5500', 102, 6000)
2025-09-12 22:27:05,515 [INFO] COMMIT
2025-09-12 22:27:05,517 [INFO] Flight price updated
2025-09-12 22:31:23,502 [INFO] BEGIN (implicit)
2025-09-12 22:31:23,506 [INFO] INSERT INTO flights (id, flight_number, airline, seats, price, source, destination) VALUES (?, ?, ?, ?, ?, ?, ?)
2025-09-12 22:31:23,507 [INFO] [generated in 0.00053s] (103, 'IG142', 'IndiGo', 700, 8000, 'Hyderabad', 'Kochin')
2025-09-12 22:31:23,508 [INFO] COMMIT
2025-09-12 22:31:23,510 [INFO] Flight created
2025-09-12 22:31:25,626 [INFO] BEGIN (implicit)
2025-09-12 22:31:25,628 [INFO] SELECT flights.id AS flights_id, flights.flight_number AS flights_flight_number, flights.airline AS flights_airline, flights.seats AS flights_seats, flights.price AS flights_price, flights.source AS flights_source, flights.destination AS flights_destination 
FROM flights
2025-09-12 22:31:25,628 [INFO] [generated in 0.00027s] ()
2025-09-12 22:31:25,629 [INFO] Read all flights
2025-09-12 22:32:28,360 [INFO] INSERT INTO flights (id, flight_number, airline, seats, price, source, destination) VALUES (?, ?, ?, ?, ?, ?, ?)
2025-09-12 22:32:28,361 [INFO] [cached since 64.85s ago] (101, 'AI45', 'AirIndia', 600, 9000, 'Hyd', 'Delhi')
2025-09-12 22:32:28,362 [INFO] COMMIT
2025-09-12 22:32:28,365 [INFO] Flight created
2025-09-12 22:34:47,524 [INFO] BEGIN (implicit)
2025-09-12 22:34:47,526 [INFO] SELECT flights.id AS flights_id, flights.flight_number AS flights_flight_number, flights.airline AS flights_airline, flights.seats AS flights_seats, flights.price AS flights_price, flights.source AS flights_source, flights.destination AS flights_destination 
FROM flights 
WHERE flights.id = ?
 LIMIT ? OFFSET ?
2025-09-12 22:34:47,526 [INFO] [generated in 0.00030s] (101, 1, 0)
2025-09-12 22:34:47,527 [INFO] Read flight model
2025-09-12 22:34:47,527 [INFO] Read flight for given id
2025-09-12 22:34:47,528 [INFO] SELECT flights.id AS flights_id, flights.flight_number AS flights_flight_number, flights.airline AS flights_airline, flights.seats AS flights_seats, flights.price AS flights_price, flights.source AS flights_source, flights.destination AS flights_destination 
FROM flights 
WHERE flights.id = ?
 LIMIT ? OFFSET ?
2025-09-12 22:34:47,528 [INFO] [cached since 0.00186s ago] (101, 1, 0)
2025-09-12 22:34:47,528 [INFO] Read flight model
2025-09-12 22:34:47,530 [INFO] DELETE FROM flights WHERE flights.id = ? AND flights.price = ?
2025-09-12 22:34:47,531 [INFO] [generated in 0.00048s] (101, 9000)
2025-09-12 22:34:47,532 [INFO] COMMIT
2025-09-12 22:34:47,534 [INFO] Flight deleted
2025-09-12 22:34:49,745 [INFO] BEGIN (implicit)
2025-09-12 22:34:49,746 [INFO] SELECT flights.id AS flights_id, flights.flight_number AS flights_flight_number, flights.airline AS flights_airline, flights.seats AS flights_seats, flights.price AS flights_price, flights.source AS flights_source, flights.destination AS flights_destination 
FROM flights
2025-09-12 22:34:49,746 [INFO] [cached since 204.1s ago] ()
2025-09-12 22:34:49,747 [INFO] Read all flights
